d:\vs 2017\swordaassist\swordaassist\release\swordaassist.pch
d:\vs 2017\swordaassist\swordaassist\release\vc141.pdb
d:\vs 2017\swordaassist\swordaassist\release\stdafx.obj
d:\vs 2017\swordaassist\swordaassist\release\swordaassist.obj
d:\vs 2017\swordaassist\swordaassist\release\spiritautoprotect.obj
d:\vs 2017\swordaassist\swordaassist\release\spirit.obj
d:\vs 2017\swordaassist\swordaassist\release\memerytamperingservice.obj
d:\vs 2017\swordaassist\swordaassist\release\gamecontrolthread.obj
d:\vs 2017\swordaassist\swordaassist\release\assistdata.obj
d:\vs 2017\swordaassist\release\swordaassist.exe
d:\vs 2017\swordaassist\release\swordaassist.pdb
d:\vs 2017\swordaassist\swordaassist\release\swordaassist.res
d:\vs 2017\swordaassist\release\swordaassist.ipdb
d:\vs 2017\swordaassist\release\swordaassist.iobj
d:\vs 2017\swordaassist\swordaassist\release\swordaassist.tlog\cl.command.1.tlog
d:\vs 2017\swordaassist\swordaassist\release\swordaassist.tlog\cl.read.1.tlog
d:\vs 2017\swordaassist\swordaassist\release\swordaassist.tlog\cl.write.1.tlog
d:\vs 2017\swordaassist\swordaassist\release\swordaassist.tlog\link.command.1.tlog
d:\vs 2017\swordaassist\swordaassist\release\swordaassist.tlog\link.read.1.tlog
d:\vs 2017\swordaassist\swordaassist\release\swordaassist.tlog\link.write.1.tlog
d:\vs 2017\swordaassist\swordaassist\release\swordaassist.tlog\rc.command.1.tlog
d:\vs 2017\swordaassist\swordaassist\release\swordaassist.tlog\rc.read.1.tlog
d:\vs 2017\swordaassist\swordaassist\release\swordaassist.tlog\rc.write.1.tlog
d:\vs 2017\swordaassist\swordaassist\release\swordaassist.tlog\swordaassist.write.1u.tlog
